Arguments: 
  /usr/local/bin/node /usr/local/bin/yarn add @pro-bit/pro-work-space.ui.button

PATH: 
  /usr/local/bin:/Users/user/bin:/Users/user/bin:/usr/local/bin:/usr/bin:/bin:/usr/sbin:/sbin:/Users/user/Desktop/procoders/procoders-work-space/node_modules/.bin

Yarn version: 
  1.22.11

Node version: 
  12.15.0

Platform: 
  darwin x64

Trace: 
  Error: https://registry.yarnpkg.com/@pro-bit%2fpro-work-space.ui.button: Not found
      at Request.params.callback [as _callback] (/usr/local/lib/node_modules/yarn/lib/cli.js:66992:18)
      at Request.self.callback (/usr/local/lib/node_modules/yarn/lib/cli.js:140763:22)
      at Request.emit (events.js:223:5)
      at Request.<anonymous> (/usr/local/lib/node_modules/yarn/lib/cli.js:141735:10)
      at Request.emit (events.js:223:5)
      at IncomingMessage.<anonymous> (/usr/local/lib/node_modules/yarn/lib/cli.js:141657:12)
      at Object.onceWrapper (events.js:312:28)
      at IncomingMessage.emit (events.js:228:7)
      at endReadableNT (_stream_readable.js:1185:12)
      at processTicksAndRejections (internal/process/task_queues.js:81:21)

npm manifest: 
  No manifest

yarn manifest: 
  No manifest

Lockfile: 
  No lockfile
